\BOOKMARK [0][-]{chapter*.2}{\376\377\000W\000s\000t\001\031\000p}{}% 1
\BOOKMARK [0][-]{chapter.1}{\376\377\000P\000o\000d\000s\000t\000a\000w\000y\000\040\000p\000r\000o\000j\000e\000k\000t\000u}{}% 2
\BOOKMARK [1][-]{section.1.1}{\376\377\000B\000u\000d\000o\000w\000a\000\040\000p\000r\000o\000j\000e\000k\000t\000u}{chapter.1}% 3
\BOOKMARK [2][-]{subsection.1.1.1}{\376\377\000C\000r\000o\000s\000s\000-\000c\000o\000m\000p\000i\000l\000e\000r}{section.1.1}% 4
\BOOKMARK [2][-]{subsection.1.1.2}{\376\377\000S\000t\000r\000u\000k\000t\000u\000r\000a\000\040\000k\000a\000t\000a\000l\000o\000g\000\363\000w}{section.1.1}% 5
\BOOKMARK [2][-]{subsection.1.1.3}{\376\377\000P\000r\000o\000c\000e\000s\000\040\000b\000u\000d\000o\000w\000y}{section.1.1}% 6
\BOOKMARK [2][-]{subsection.1.1.4}{\376\377\000A\000r\000m\000s\000t\000u\000b}{section.1.1}% 7
\BOOKMARK [1][-]{section.1.2}{\376\377\000P\000r\000z\000y\000g\000o\000t\000o\000w\000a\000n\000i\000e\000\040\000k\000a\000r\000t\000y\000\040\000p\000a\000m\000i\001\031\000c\000i}{chapter.1}% 8
\BOOKMARK [2][-]{subsection.1.2.1}{\376\377\000N\000i\000e\000z\000b\001\031\000d\000n\000e\000\040\000p\000l\000i\000k\000i}{section.1.2}% 9
\BOOKMARK [1][-]{section.1.3}{\376\377\000B\000o\000o\000t\000o\000w\000a\000n\000i\000e}{chapter.1}% 10
\BOOKMARK [2][-]{subsection.1.3.1}{\376\377\000F\000u\000n\000k\000c\000j\000a\000\040\000p\000l\000i\000k\000u\000\040\000c\000o\000n\000f\000i\000g\000.\000t\000x\000t}{section.1.3}% 11
\BOOKMARK [2][-]{subsection.1.3.2}{\376\377\000P\000r\000o\000c\000e\000s\000\040\000b\000o\000o\000t\000o\000w\000a\000n\000i\000a\000\040\000R\000a\000s\000p\000b\000e\000r\000r\000y\000P\000i}{section.1.3}% 12
\BOOKMARK [2][-]{subsection.1.3.3}{\376\377\000S\000y\000g\000n\000a\000l\000i\000z\000a\000c\000j\000a\000\040\000s\000t\000a\000t\000u\000s\000u\000\040\000b\000o\000o\000t\000o\000w\000a\000n\000i\000a\000\040\000z\000a\000\040\000p\000o\000m\000o\000c\001\005\000\040\000L\000E\000D}{section.1.3}% 13
\BOOKMARK [1][-]{section.1.4}{\376\377\000D\000e\000b\000u\000g\000o\000w\000a\000n\000i\000e}{chapter.1}% 14
\BOOKMARK [2][-]{subsection.1.4.1}{\376\377\000M\000e\000c\000h\000a\000n\000i\000z\000m\000y\000\040\000o\000b\000s\001\102\000u\000g\000i\000\040\000p\000r\000z\000e\000r\000w\000a\001\104\000\040\000i\000\040\000w\000y\000j\001\005\000t\000k\000\363\000w}{section.1.4}% 15
\BOOKMARK [2][-]{subsection.1.4.2}{\376\377\000D\000e\000a\000s\000e\000m\000b\000l\000a\000c\000j\000a}{section.1.4}% 16
\BOOKMARK [0][-]{chapter.2}{\376\377\000B\000A\000S\000I\000C}{}% 17
\BOOKMARK [1][-]{section.2.1}{\376\377\000S\000e\000s\000j\000a}{chapter.2}% 18
\BOOKMARK [2][-]{subsection.2.1.1}{\376\377\000S\000t\000r\000u\000k\000t\000u\000r\000y\000\040\000M\000o\000d\000u\001\102\000u\000\040\000S\000e\000s\000s\000i\000o\000n}{section.2.1}% 19
\BOOKMARK [2][-]{subsection.2.1.2}{\376\377\000O\000p\000e\000r\000a\000c\000j\000e\000\040\000n\000a\000\040\000s\000t\000r\000u\000k\000t\000u\000r\000z\000e\000\040\000s\000e\000s\000s\000i\000o\000n\000S}{section.2.1}% 20
\BOOKMARK [1][-]{section.2.2}{\376\377\000P\000a\000r\000s\000e\000r}{chapter.2}% 21
\BOOKMARK [1][-]{section.2.3}{\376\377\000I\000n\000t\000e\000r\000p\000r\000e\000t\000e\000r}{chapter.2}% 22
\BOOKMARK [2][-]{subsection.2.3.1}{\376\377\000T\000r\000y\000b\000\040\000b\000e\000z\000p\000o\001\133\000r\000e\000d\000n\000i}{section.2.3}% 23
\BOOKMARK [1][-]{section.2.4}{\376\377\000E\000w\000a\000l\000u\000a\000t\000o\000r}{chapter.2}% 24
\BOOKMARK [2][-]{subsection.2.4.1}{\376\377\000A\000l\000g\000o\000r\000y\000t\000m\000\040\000e\000w\000a\000l\000u\000a\000c\000j\000i\000\040\000w\000y\000r\000a\001\174\000e\001\104}{section.2.4}% 25
\BOOKMARK [2][-]{subsection.2.4.2}{\376\377\000E\000w\000a\000l\000u\000a\000c\000j\000a\000\040\000p\000o\000s\000z\000c\000z\000e\000g\000\363\000l\000n\000y\000c\000h\000\040\000t\000o\000k\000e\000n\000\363\000w}{section.2.4}% 26
\BOOKMARK [2][-]{subsection.2.4.3}{\376\377\000I\000s\000t\000o\000t\000n\000o\001\133\001\007\000\040\000k\000o\000l\000e\000j\000n\000o\001\133\000c\000i\000\040\000e\000w\000a\000l\000u\000o\000w\000a\000n\000i\000a\000\040\000w\000y\000r\000a\001\174\000e\001\104}{section.2.4}% 27
\BOOKMARK [2][-]{subsection.2.4.4}{\376\377\000S\000p\000r\000a\000w\000d\000z\000e\000n\000i\000e\000\040\000p\000o\000p\000r\000a\000w\000n\000o\001\133\000c\000i\000\040\000w\000y\000r\000a\001\174\000e\000n\000i\000a}{section.2.4}% 28
\BOOKMARK [0][-]{chapter.3}{\376\377\000P\000a\000m\000i\001\031\001\007}{}% 29
\BOOKMARK [1][-]{section.3.1}{\376\377\000Z\000a\000r\000z\001\005\000d\000z\000a\000n\000i\000e\000\040\000p\000a\000m\000i\001\031\000c\000i\001\005}{chapter.3}% 30
\BOOKMARK [2][-]{subsection.3.1.1}{\376\377\000S\000t\000e\000r\000t\000a\000\040\000i\000\040\000d\000y\000n\000a\000m\000i\000c\000z\000n\000a\000\040\000a\000l\000o\000k\000a\000c\000j\000a\000\040\000p\000a\000m\000i\001\031\000c\000i}{section.3.1}% 31
\BOOKMARK [2][-]{subsection.3.1.2}{\376\377\000N\000a\000r\000z\001\031\000d\000z\000i\000a\000\040\000u\001\102\000a\000t\000w\000i\000a\000j\001\005\000c\000e\000\040\000p\000r\000a\000c\001\031\000\040\000z\000\040\000p\000a\000m\000i\001\031\000c\000i\001\005}{section.3.1}% 32
\BOOKMARK [1][-]{section.3.2}{\376\377\000M\000M\000U}{chapter.3}% 33
\BOOKMARK [1][-]{section.3.3}{\376\377\000D\000M\000A}{chapter.3}% 34
\BOOKMARK [2][-]{subsection.3.3.1}{\376\377\000P\000r\000o\000c\000e\000s\000\040\000w\001\102\001\005\000c\000z\000e\000n\000i\000a\000\040\000D\000M\000A\000\040\000w\000\040\000R\000a\000s\000p\000b\000e\000r\000r\000y\000\040\000P\000I}{section.3.3}% 35
\BOOKMARK [2][-]{subsection.3.3.2}{\376\377\000P\000r\000o\000c\000e\000s\000\040\000w\000y\000s\000y\001\102\000a\000n\000i\000a\000\040\000d\000a\000n\000y\000c\000h\000\040\000p\000r\000z\000e\000z\000\040\000D\000M\000A}{section.3.3}% 36
\BOOKMARK [0][-]{chapter.4}{\376\377\000K\000o\000m\000u\000n\000i\000k\000a\000c\000j\000a}{}% 37
\BOOKMARK [1][-]{section.4.1}{\376\377\000G\000P\000I\000O}{chapter.4}% 38
\BOOKMARK [1][-]{section.4.2}{\376\377\000U\000A\000R\000T}{chapter.4}% 39
\BOOKMARK [1][-]{section.4.3}{\376\377\000K\000l\000a\000w\000i\000a\000t\000u\000r\000a}{chapter.4}% 40
\BOOKMARK [1][-]{section.4.4}{\376\377\000H\000D\000M\000I}{chapter.4}% 41
\BOOKMARK [2][-]{subsection.4.4.1}{\376\377\000I\000n\000i\000c\000j\000a\000l\000i\000z\000a\000c\000j\000a\000\040\000i\000\040\000k\000o\000n\000f\000i\000g\000u\000r\000a\000c\000j\000a\000\040\000H\000D\000M\000I}{section.4.4}% 42
\BOOKMARK [2][-]{subsection.4.4.2}{\376\377\000A\000k\000t\000u\000a\000l\000i\000z\000a\000c\000j\000a\000\040\000b\000u\000f\000o\000r\000a\000\040\000i\000\040\000w\000y\000d\000a\000j\000n\000o\001\133\001\007}{section.4.4}% 43
\BOOKMARK [1][-]{section.4.5}{\376\377\000K\000a\000r\000t\000a\000\040\000S\000D}{chapter.4}% 44
\BOOKMARK [2][-]{subsection.4.5.1}{\376\377\000K\000o\000m\000u\000n\000i\000k\000a\000c\000j\000a\000\040\000z\000\040\000k\000a\000r\000t\001\005\000\040\000S\000D}{section.4.5}% 45
\BOOKMARK [2][-]{subsection.4.5.2}{\376\377\000P\000r\000z\000e\000c\000h\000o\000w\000y\000w\000a\000n\000i\000e\000\040\000d\000a\000n\000y\000c\000h}{section.4.5}% 46
\BOOKMARK [2][-]{subsection.4.5.3}{\376\377\000O\000b\000s\001\102\000u\000g\000a\000\040\000p\000l\000i\000k\000\363\000w}{section.4.5}% 47
\BOOKMARK [0][-]{chapter*.12}{\376\377\000P\000o\000d\000s\000u\000m\000o\000w\000a\000n\000i\000e}{}% 48
\BOOKMARK [0][-]{chapter*.13}{\376\377\000B\000i\000b\000l\000i\000o\000g\000r\000a\000f\000i\000a}{}% 49
